<?xml version="1.0" encoding="UTF-8"?>
<!-- Generated by org.testng.reporters.JUnitReportReporter -->
<testsuite hostname="DESKTOP-FD4ABG7" failures="0" tests="1" name="contactTests.ToCreateContactWithOrgTest" time="21.244" errors="0" timestamp="2025-04-03T10:30:42 IST" skipped="0">
  <testcase classname="contactTests.ToCreateContactWithOrgTest" name="toCreateContact_001" time="21.244"/>
  <system-out>
    <![CDATA[[ CON71 ] HrithikRoshan - Contact Information and abc Pass]]>
  </system-out>
</testsuite> <!-- contactTests.ToCreateContactWithOrgTest -->
