<?xml version="1.0" encoding="UTF-8"?>
<!-- Generated by org.testng.reporters.JUnitReportReporter -->
<testsuite hostname="DESKTOP-FD4ABG7" failures="0" tests="1" name="organizationTests.CreateOrgWithIndNType$CreateOrgWithIndustryTest" time="20.956" errors="0" timestamp="2025-03-22T06:23:14 IST" skipped="0">
  <testcase classname="organizationTests.CreateOrgWithIndNType$CreateOrgWithIndustryTest" name="toCreateOrgWithIndusty" time="20.956"/>
  <system-out/>
</testsuite> <!-- organizationTests.CreateOrgWithIndNType$CreateOrgWithIndustryTest -->
