<?xml version="1.0" encoding="UTF-8"?>
<!-- Generated by org.testng.reporters.JUnitReportReporter -->
<testsuite hostname="DESKTOP-FD4ABG7" failures="0" tests="1" name="organizationTests.ToCreateOrganizationTest" time="20.035" errors="0" timestamp="2025-04-03T10:30:42 IST" skipped="0">
  <testcase classname="organizationTests.ToCreateOrganizationTest" name="toCreateOrganization" time="20.035"/>
  <system-out>
    <![CDATA[GlobalLogic -----Passed]]>
  </system-out>
</testsuite> <!-- organizationTests.ToCreateOrganizationTest -->
