<?xml version="1.0" encoding="UTF-8"?>
<!-- Generated by org.testng.reporters.JUnitReportReporter -->
<testsuite hostname="DESKTOP-FD4ABG7" failures="0" tests="1" name="contactTests.CreateContactTest" time="20.709" errors="0" timestamp="2025-03-21T10:49:00 IST" skipped="0">
  <testcase classname="contactTests.CreateContactTest" name="toCreate_001" time="20.709"/>
  <system-out>
    <![CDATA[[ CON27 ] HrithikRoshan - Contact Information ========Passed]]>
  </system-out>
</testsuite> <!-- contactTests.CreateContactTest -->
