<?xml version="1.0" encoding="UTF-8"?>
<!-- Generated by org.testng.reporters.JUnitReportReporter -->
<testsuite hostname="DESKTOP-FD4ABG7" failures="0" tests="1" name="contactTests.CreateContactWithOrgTest" time="22.203" errors="0" timestamp="2025-03-22T08:18:20 IST" skipped="0">
  <testcase classname="contactTests.CreateContactWithOrgTest" name="toCreateContact_001" time="22.203"/>
  <system-out>
    <![CDATA[[ CON38 ] HrithikRoshan - Contact Information and TATA power ========Passed]]>
  </system-out>
</testsuite> <!-- contactTests.CreateContactWithOrgTest -->
