<?xml version="1.0" encoding="UTF-8"?>
<!-- Generated by org.testng.reporters.JUnitReportReporter -->
<testsuite hostname="DESKTOP-FD4ABG7" failures="0" tests="1" name="organizationTests.CreateOrganizationTest" time="21.476" errors="0" timestamp="2025-03-24T09:37:25 IST" skipped="0">
  <testcase classname="organizationTests.CreateOrganizationTest" name="toCreateOrganization" time="21.476"/>
  <system-out>
    <![CDATA[GlobalLogic -----Passed]]>
  </system-out>
</testsuite> <!-- organizationTests.CreateOrganizationTest -->
