<?xml version="1.0" encoding="UTF-8"?>
<!-- Generated by org.testng.reporters.JUnitReportReporter -->
<testsuite hostname="DESKTOP-FD4ABG7" failures="0" tests="1" name="organizationTests.ToCreateOrgWithIndNTypeTest" time="18.836" errors="0" timestamp="2025-04-03T10:30:42 IST" skipped="0">
  <testcase classname="organizationTests.ToCreateOrgWithIndNTypeTest" name="toCreateOrgWithIndustyAndType" time="18.836"/>
  <system-out>
    <![CDATA[[ ACC92 ] GlobalLogic1555 - Organization Information With [[ChromeDriver: chrome on windows (5aa508d4e43253c1a2cd84260dd7e5e7)] -> name: industry] And [[ChromeDriver: chrome on windows (5aa508d4e43253c1a2cd84260dd7e5e7)] -> name: accounttype]----Passed]]>
  </system-out>
</testsuite> <!-- organizationTests.ToCreateOrgWithIndNTypeTest -->
