<?xml version="1.0" encoding="UTF-8"?>
<!-- Generated by org.testng.reporters.JUnitReportReporter -->
<testsuite hostname="DESKTOP-FD4ABG7" failures="0" tests="1" name="organizationTests.ToCreateOrgWithIndNTypeTest" time="14.037" errors="0" timestamp="2025-03-27T09:49:37 IST" skipped="0">
  <testcase classname="organizationTests.ToCreateOrgWithIndNTypeTest" name="toCreateOrgWithIndustyAndType" time="14.037"/>
  <system-out>
    <![CDATA[[ ACC84 ] GlobalLogic1418 - Organization Information With [[ChromeDriver: chrome on windows (6cdffa7d5751a0fb3c68da4c2dc69bae)] -> name: industry] And [[ChromeDriver: chrome on windows (6cdffa7d5751a0fb3c68da4c2dc69bae)] -> name: accounttype]----Passed]]>
  </system-out>
</testsuite> <!-- organizationTests.ToCreateOrgWithIndNTypeTest -->
