<?xml version="1.0" encoding="UTF-8"?>
<!-- Generated by org.testng.reporters.JUnitReportReporter -->
<testsuite hostname="DESKTOP-FD4ABG7" failures="0" tests="1" name="contactTests.ToCreateContactTest" time="12.193" errors="0" timestamp="2025-03-27T09:49:37 IST" skipped="0">
  <testcase classname="contactTests.ToCreateContactTest" name="toCreateContact_001" time="12.193"/>
  <system-out>
    <![CDATA[[ CON65 ] HrithikRoshan - Contact Information Created successfully]]>
  </system-out>
</testsuite> <!-- contactTests.ToCreateContactTest -->
