<?xml version="1.0" encoding="UTF-8"?>
<!-- Generated by org.testng.reporters.JUnitReportReporter -->
<testsuite hostname="DESKTOP-FD4ABG7" failures="0" tests="1" name="organizationTests.ToCreateOrganizationTest" time="42.602" errors="0" timestamp="2025-03-27T09:49:37 IST" skipped="0">
  <testcase classname="organizationTests.ToCreateOrganizationTest" name="toCreateOrganization" time="42.602"/>
  <system-out>
    <![CDATA[GlobalLogic -----Passed]]>
  </system-out>
</testsuite> <!-- organizationTests.ToCreateOrganizationTest -->
