<?xml version="1.0" encoding="UTF-8"?>
<!-- Generated by org.testng.reporters.JUnitReportReporter -->
<testsuite hostname="DESKTOP-FD4ABG7" failures="0" tests="1" name="contactTests.ToCreateContactTest" time="17.590" errors="0" timestamp="2025-04-05T11:01:42 IST" skipped="0">
  <testcase classname="contactTests.ToCreateContactTest" name="toCreateContact_001" time="17.590"/>
  <system-out>
    <![CDATA[[ CON78 ] HrithikRoshan - Contact Information Created successfully]]>
  </system-out>
</testsuite> <!-- contactTests.ToCreateContactTest -->
