<?xml version="1.0" encoding="UTF-8"?>
<!-- Generated by org.testng.reporters.JUnitReportReporter -->
<testsuite hostname="DESKTOP-FD4ABG7" failures="0" tests="1" name="organizationTests.ToCreateOrgWithIndNTypeTest" time="20.973" errors="0" timestamp="2025-04-05T11:01:42 IST" skipped="0">
  <testcase classname="organizationTests.ToCreateOrgWithIndNTypeTest" name="toCreateOrgWithIndustyAndType" time="20.973"/>
  <system-out>
    <![CDATA[[ ACC100 ] GlobalLogic894 - Organization Information With [[ChromeDriver: chrome on windows (deb775853b31ca0e65fec139d81f4efe)] -> name: industry] And [[ChromeDriver: chrome on windows (deb775853b31ca0e65fec139d81f4efe)] -> name: accounttype]----Passed]]>
  </system-out>
</testsuite> <!-- organizationTests.ToCreateOrgWithIndNTypeTest -->
