<?xml version="1.0" encoding="UTF-8"?>
<!-- Generated by org.testng.reporters.JUnitReportReporter -->
<testsuite hostname="DESKTOP-FD4ABG7" failures="0" tests="1" name="organizationTests.ToCreateOrgWithIndustryTest" time="13.431" errors="0" timestamp="2025-03-27T09:49:37 IST" skipped="0">
  <testcase classname="organizationTests.ToCreateOrgWithIndustryTest" name="toCreateOrgWithIndusty" time="13.431"/>
  <system-out>
    <![CDATA[[ ACC85 ] GlobalLogic141 - Organization Information -----Passed]]>
  </system-out>
</testsuite> <!-- organizationTests.ToCreateOrgWithIndustryTest -->
