<?xml version="1.0" encoding="UTF-8"?>
<!-- Generated by org.testng.reporters.JUnitReportReporter -->
<testsuite hostname="DESKTOP-FD4ABG7" failures="0" tests="1" name="organizationTests.ToCreateOrgWithIndustryTest" time="20.850" errors="0" timestamp="2025-04-05T11:01:42 IST" skipped="0">
  <testcase classname="organizationTests.ToCreateOrgWithIndustryTest" name="toCreateOrgWithIndusty" time="20.850"/>
  <system-out>
    <![CDATA[[ ACC101 ] GlobalLogic386 - Organization Information -----Passed]]>
  </system-out>
</testsuite> <!-- organizationTests.ToCreateOrgWithIndustryTest -->
